
synthesis -f "i2c_master_i2c_master_lattice.synproj"
synthesis:  version Diamond (64-bit) 3.8.0.115.3

Copyright (c) 1991-1994 by NeoCAD Inc. All rights reserved.
Copyright (c) 1995 AT&T Corp.   All rights reserved.
Copyright (c) 1995-2001 Lucent Technologies Inc.  All rights reserved.
Copyright (c) 2001 Agere Systems   All rights reserved.
Copyright (c) 2002-2016 Lattice Semiconductor Corporation,  All rights reserved.
Mon Dec 18 08:37:05 2017


Command Line:  synthesis -f i2c_master_i2c_master_lattice.synproj -gui -msgset C:/Users/22822/Desktop/2/source/i2c_master_PCF8591_ADC/promote.xml 

    <postMsg mid="35002000" type="Info"    dynamic="0" navigation="0"  />
Synthesis options:
The -a option is MachXO2.
The -s option is 4.
The -t option is CSBGA132.
The -d option is LCMXO2-4000HC.
Using package CSBGA132.
Using performance grade 4.
                                                          

##########################################################

### Lattice Family : MachXO2

### Device  : LCMXO2-4000HC

### Package : CSBGA132

### Speed   : 4

##########################################################

                                                          

Optimization goal = Balanced
Top-level module name = i2c_master.
Target frequency = 1.000000 MHz.
Maximum fanout = 1000.
Timing path count = 3
BRAM utilization = 100.000000 %
DSP usage = true
DSP utilization = 100.000000 %
fsm_encoding_style = auto
resolve_mixed_drivers = 0
fix_gated_clocks = 1

Mux style = Auto
Use Carry Chain = true
carry_chain_length = 0
Loop Limit = 1950.
Use IO Insertion = TRUE
Use IO Reg = AUTO

Resource Sharing = TRUE
Propagate Constants = TRUE
Remove Duplicate Registers = TRUE
force_gsr = auto
ROM style = auto
RAM style = auto
The -comp option is FALSE.
The -syn option is FALSE.
-p C:/Users/22822/Desktop/2/source/i2c_master_PCF8591_ADC (searchpath added)
-p E:/lscc/diamond/3.8_x64/ispfpga/xo2c00/data (searchpath added)
-p C:/Users/22822/Desktop/2/source/i2c_master_PCF8591_ADC/i2c_master (searchpath added)
-p C:/Users/22822/Desktop/2/source/i2c_master_PCF8591_ADC (searchpath added)
Verilog design file = C:/Users/22822/Desktop/2/source/i2c_master_PCF8591_ADC/clk_div.v
Verilog design file = C:/Users/22822/Desktop/2/source/i2c_master_PCF8591_ADC/i2c_master.v
Verilog design file = C:/Users/22822/Desktop/2/source/i2c_master_PCF8591_ADC/i2c_master_config.v
Verilog design file = C:/Users/22822/Desktop/2/source/i2c_master_PCF8591_ADC/i2c_master_logic.v
NGD file = i2c_master_i2c_master.ngd
-sdc option: SDC file input not used.
-lpf option: Output file option is ON.
Hardtimer checking is enabled (default). The -dt option is not used.
The -r option is OFF. [ Remove LOC Properties is OFF. ]
Technology check ok...

Analyzing Verilog file E:/lscc/diamond/3.8_x64/ispfpga/userware/NT/SYNTHESIS_HEADERS/machxo2.v. VERI-1482
Compile design.
Compile Design Begin
Analyzing Verilog file c:/users/22822/desktop/2/source/i2c_master_pcf8591_adc/clk_div.v. VERI-1482
Analyzing Verilog file c:/users/22822/desktop/2/source/i2c_master_pcf8591_adc/i2c_master.v. VERI-1482
Analyzing Verilog file c:/users/22822/desktop/2/source/i2c_master_pcf8591_adc/i2c_master_config.v. VERI-1482
Analyzing Verilog file c:/users/22822/desktop/2/source/i2c_master_pcf8591_adc/i2c_master_logic.v. VERI-1482
Analyzing Verilog file E:/lscc/diamond/3.8_x64/ispfpga/userware/NT/SYNTHESIS_HEADERS/machxo2.v. VERI-1482
Top module name (Verilog): i2c_master
    <postMsg mid="35901018" type="Info"    dynamic="2" navigation="2" arg0="c:/users/22822/desktop/2/source/i2c_master_pcf8591_adc/i2c_master.v(2): " arg1="i2c_master" arg2="c:/users/22822/desktop/2/source/i2c_master_pcf8591_adc/i2c_master.v" arg3="2"  />
    <postMsg mid="35901018" type="Info"    dynamic="2" navigation="2" arg0="c:/users/22822/desktop/2/source/i2c_master_pcf8591_adc/clk_div.v(18): " arg1="clk_div" arg2="c:/users/22822/desktop/2/source/i2c_master_pcf8591_adc/clk_div.v" arg3="18"  />
    <postMsg mid="35901018" type="Info"    dynamic="2" navigation="2" arg0="c:/users/22822/desktop/2/source/i2c_master_pcf8591_adc/i2c_master_config.v(1): " arg1="i2c_master_config" arg2="c:/users/22822/desktop/2/source/i2c_master_pcf8591_adc/i2c_master_config.v" arg3="1"  />
    <postMsg mid="35901018" type="Info"    dynamic="2" navigation="2" arg0="c:/users/22822/desktop/2/source/i2c_master_pcf8591_adc/i2c_master_logic.v(1): " arg1="i2c_master_logic" arg2="c:/users/22822/desktop/2/source/i2c_master_pcf8591_adc/i2c_master_logic.v" arg3="1"  />
Last elaborated design is i2c_master()
Loading NGL library 'E:/lscc/diamond/3.8_x64/ispfpga/xo2c00a/data/xo2alib.ngl'...
Loading NGL library 'E:/lscc/diamond/3.8_x64/ispfpga/xo2c00/data/xo2clib.ngl'...
Loading NGL library 'E:/lscc/diamond/3.8_x64/ispfpga/mg5g00/data/mg5glib.ngl'...
Loading NGL library 'E:/lscc/diamond/3.8_x64/ispfpga/or5g00/data/orc5glib.ngl'...
Loading device for application map from file 'xo2c4000.nph' in environment: E:/lscc/diamond/3.8_x64/ispfpga.
Package Status:                     Final          Version 1.44.
Top-level module name = i2c_master.
    <postMsg mid="35935013" type="Warning" dynamic="2" navigation="2" arg0="c:/users/22822/desktop/2/source/i2c_master_pcf8591_adc/i2c_master_config.v(69): " arg1="\i2c_master_config_inst/i2c_state_i0" arg2="c:/users/22822/desktop/2/source/i2c_master_pcf8591_adc/i2c_master_config.v" arg3="69"  />



    <postMsg mid="35001747" type="Warning" dynamic="2" navigation="0" arg0="0" arg1="\i2c_master_config_inst/i2c_master_logic_inst/i2c_ack"  />
    <postMsg mid="35001747" type="Warning" dynamic="2" navigation="0" arg0="1" arg1="\i2c_master_config_inst/i2c_master_logic_inst/i2c_ack"  />
    <postMsg mid="35001747" type="Warning" dynamic="2" navigation="0" arg0="0" arg1="\i2c_master_config_inst/i2c_config"  />
    <postMsg mid="35001747" type="Warning" dynamic="2" navigation="0" arg0="1" arg1="\i2c_master_config_inst/i2c_config"  />
    <postMsg mid="35001747" type="Warning" dynamic="2" navigation="0" arg0="2" arg1="\i2c_master_config_inst/i2c_config"  />
    <postMsg mid="35001747" type="Warning" dynamic="2" navigation="0" arg0="3" arg1="\i2c_master_config_inst/i2c_config"  />
    <postMsg mid="35001747" type="Warning" dynamic="2" navigation="0" arg0="4" arg1="\i2c_master_config_inst/i2c_config"  />
    <postMsg mid="35001747" type="Warning" dynamic="2" navigation="0" arg0="6" arg1="\i2c_master_config_inst/i2c_config"  />
    <postMsg mid="35001747" type="Warning" dynamic="2" navigation="0" arg0="1" arg1="\i2c_master_config_inst/i2c_dev_addr"  />
    <postMsg mid="35001747" type="Warning" dynamic="2" navigation="0" arg0="2" arg1="\i2c_master_config_inst/i2c_dev_addr"  />
    <postMsg mid="35001747" type="Warning" dynamic="2" navigation="0" arg0="4" arg1="\i2c_master_config_inst/i2c_dev_addr"  />
    <postMsg mid="35001747" type="Warning" dynamic="2" navigation="0" arg0="5" arg1="\i2c_master_config_inst/i2c_dev_addr"  />
    <postMsg mid="35001747" type="Warning" dynamic="2" navigation="0" arg0="6" arg1="\i2c_master_config_inst/i2c_dev_addr"  />
    <postMsg mid="35001747" type="Warning" dynamic="2" navigation="0" arg0="0" arg1="\i2c_master_config_inst/i2c_reg_addr"  />
    <postMsg mid="35001747" type="Warning" dynamic="2" navigation="0" arg0="1" arg1="\i2c_master_config_inst/i2c_reg_addr"  />
    <postMsg mid="35001747" type="Warning" dynamic="2" navigation="0" arg0="2" arg1="\i2c_master_config_inst/i2c_reg_addr"  />
    <postMsg mid="35001747" type="Warning" dynamic="2" navigation="0" arg0="3" arg1="\i2c_master_config_inst/i2c_reg_addr"  />
    <postMsg mid="35001747" type="Warning" dynamic="2" navigation="0" arg0="4" arg1="\i2c_master_config_inst/i2c_reg_addr"  />
    <postMsg mid="35001747" type="Warning" dynamic="2" navigation="0" arg0="5" arg1="\i2c_master_config_inst/i2c_reg_addr"  />
    <postMsg mid="35001747" type="Warning" dynamic="2" navigation="0" arg0="6" arg1="\i2c_master_config_inst/i2c_reg_addr"  />
    <postMsg mid="35001747" type="Warning" dynamic="2" navigation="0" arg0="7" arg1="\i2c_master_config_inst/i2c_reg_addr"  />
Removed duplicate sequential element \i2c_master_config_inst/i2c_dev_addr(1 bit), because it is equivalent to \i2c_master_config_inst/i2c_config

    <postMsg mid="35001747" type="Warning" dynamic="2" navigation="0" arg0="0" arg1="\i2c_master_config_inst/i2c_master_logic_inst/state_current_"  />
    <postMsg mid="35935013" type="Warning" dynamic="2" navigation="2" arg0="c:/users/22822/desktop/2/source/i2c_master_pcf8591_adc/i2c_master_config.v(90): " arg1="\i2c_master_config_inst/i2c_reg_data_i7" arg2="c:/users/22822/desktop/2/source/i2c_master_pcf8591_adc/i2c_master_config.v" arg3="90"  />
    <postMsg mid="35935013" type="Warning" dynamic="2" navigation="2" arg0="c:/users/22822/desktop/2/source/i2c_master_pcf8591_adc/i2c_master_logic.v(93): " arg1="\i2c_master_config_inst/i2c_master_logic_inst/state_current__i12" arg2="c:/users/22822/desktop/2/source/i2c_master_pcf8591_adc/i2c_master_logic.v" arg3="93"  />
    <postMsg mid="35935013" type="Warning" dynamic="2" navigation="2" arg0="c:/users/22822/desktop/2/source/i2c_master_pcf8591_adc/i2c_master_logic.v(685): " arg1="\i2c_master_config_inst/i2c_master_logic_inst/i2c_ack__i6" arg2="c:/users/22822/desktop/2/source/i2c_master_pcf8591_adc/i2c_master_logic.v" arg3="685"  />
    <postMsg mid="35935013" type="Warning" dynamic="2" navigation="2" arg0="c:/users/22822/desktop/2/source/i2c_master_pcf8591_adc/i2c_master_logic.v(586): " arg1="\i2c_master_config_inst/i2c_master_logic_inst/cnt_s_nack_i0_i2" arg2="c:/users/22822/desktop/2/source/i2c_master_pcf8591_adc/i2c_master_logic.v" arg3="586"  />
    <postMsg mid="35935013" type="Warning" dynamic="2" navigation="2" arg0="c:/users/22822/desktop/2/source/i2c_master_pcf8591_adc/i2c_master_logic.v(431): " arg1="\i2c_master_config_inst/i2c_master_logic_inst/cnt_write_reg_data_1106__i3" arg2="c:/users/22822/desktop/2/source/i2c_master_pcf8591_adc/i2c_master_logic.v" arg3="431"  />
GSR instance connected to net rst_n_c.
    <postMsg mid="35001779" type="Warning" dynamic="1" navigation="0" arg0="\i2c_master_config_inst/i2c_master_logic_inst/sda_ctl_511"  />
Applying 1.000000 MHz constraint to all clocks

    <postMsg mid="35001611" type="Warning" dynamic="0" navigation="0"  />
Results of NGD DRC are available in i2c_master_drc.log.
Loading NGL library 'E:/lscc/diamond/3.8_x64/ispfpga/xo2c00a/data/xo2alib.ngl'...
Loading NGL library 'E:/lscc/diamond/3.8_x64/ispfpga/xo2c00/data/xo2clib.ngl'...
Loading NGL library 'E:/lscc/diamond/3.8_x64/ispfpga/mg5g00/data/mg5glib.ngl'...
Loading NGL library 'E:/lscc/diamond/3.8_x64/ispfpga/or5g00/data/orc5glib.ngl'...


Running DRC...

DRC complete with no errors or warnings

Design Results:
    390 blocks expanded
completed the first expansion
All blocks are expanded and NGD expansion is successful.
Writing NGD file i2c_master_i2c_master.ngd.

################### Begin Area Report (i2c_master)######################
Number of register bits => 89 of 4635 (1 % )
BB => 1
CCU2D => 32
FD1P3AY => 3
FD1P3IX => 37
FD1S3AX => 2
FD1S3IX => 47
GSR => 1
IB => 2
LUT4 => 244
OB => 9
PFUMX => 9
################### End Area Report ##################

################### Begin BlackBox Report ######################
TSALL => 1
################### End BlackBox Report ##################

################### Begin Clock Report ######################
Clock Nets
Number of Clocks: 2
  Net : clk_div_inst/clk_div_100k, loads : 56
  Net : sys_clk_12m_c, loads : 34
Clock Enable Nets
Number of Clock Enables: 13
Top 10 highest fanout Clock Enables:
  Net : i2c_master_config_inst/i2c_master_logic_inst/clk_div_100k_enable_36, loads : 8
  Net : i2c_master_config_inst/i2c_master_logic_inst/clk_div_100k_enable_25, loads : 4
  Net : i2c_master_config_inst/i2c_master_logic_inst/clk_div_100k_enable_37, loads : 4
  Net : i2c_master_config_inst/i2c_master_logic_inst/clk_div_100k_enable_24, loads : 4
  Net : i2c_master_config_inst/i2c_master_logic_inst/clk_div_100k_enable_35, loads : 4
  Net : i2c_master_config_inst/i2c_master_logic_inst/clk_div_100k_enable_40, loads : 4
  Net : i2c_master_config_inst/i2c_master_logic_inst/clk_div_100k_enable_18, loads : 3
  Net : i2c_master_config_inst/i2c_master_logic_inst/clk_div_100k_enable_7, loads : 3
  Net : i2c_master_config_inst/i2c_master_logic_inst/clk_div_100k_enable_20, loads : 3
  Net : i2c_master_config_inst/i2c_master_logic_inst/clk_div_100k_enable_22, loads : 3
Highest fanout non-clock nets
Top 10 highest fanout non-clock nets:
  Net : i2c_master_config_inst/i2c_master_logic_inst/state_current_0, loads : 35
  Net : clk_div_inst/n4591, loads : 32
  Net : i2c_master_config_inst/i2c_master_logic_inst/state_current_2, loads : 25
  Net : i2c_master_config_inst/i2c_master_logic_inst/n7838, loads : 23
  Net : i2c_master_config_inst/i2c_master_logic_inst/state_current_9, loads : 22
  Net : i2c_master_config_inst/i2c_master_logic_inst/n7844, loads : 21
  Net : i2c_master_config_inst/i2c_master_logic_inst/state_current_4, loads : 18
  Net : i2c_master_config_inst/i2c_master_logic_inst/state_current_1, loads : 18
  Net : i2c_master_config_inst/i2c_master_logic_inst/state_current_8, loads : 17
  Net : i2c_master_config_inst/i2c_master_logic_inst/state_current_7, loads : 16
################### End Clock Report ##################

Timing Report Summary
--------------
--------------------------------------------------------------------------------
Constraint                              |   Constraint|       Actual|Levels
--------------------------------------------------------------------------------
                                        |             |             |
create_clock -period 1000.000000 -name  |             |             |
clk1 [get_nets sys_clk_12m_c]           |    1.000 MHz|   98.164 MHz|     6  
                                        |             |             |
create_clock -period 1000.000000 -name  |             |             |
clk0 [get_nets clk_div_100k]            |    1.000 MHz|   62.539 MHz|    10  
                                        |             |             |
--------------------------------------------------------------------------------


All constraints were met.


Peak Memory Usage: 68.645  MB

--------------------------------------------------------------
Elapsed CPU time for LSE flow : 2.875  secs
--------------------------------------------------------------

map -a "MachXO2" -p LCMXO2-4000HC -t CSBGA132 -s 4 -oc Commercial   "i2c_master_i2c_master.ngd" -o "i2c_master_i2c_master_map.ncd" -pr "i2c_master_i2c_master.prf" -mp "i2c_master_i2c_master.mrp" -lpf "C:/Users/22822/Desktop/2/source/i2c_master_PCF8591_ADC/i2c_master/i2c_master_i2c_master.lpf" -lpf "C:/Users/22822/Desktop/2/source/i2c_master_PCF8591_ADC/i2c_master.lpf" -c 0            
map:  version Diamond (64-bit) 3.8.0.115.3

Copyright (c) 1991-1994 by NeoCAD Inc. All rights reserved.
Copyright (c) 1995 AT&T Corp.   All rights reserved.
Copyright (c) 1995-2001 Lucent Technologies Inc.  All rights reserved.
Copyright (c) 2001 Agere Systems   All rights reserved.
Copyright (c) 2002-2016 Lattice Semiconductor Corporation,  All rights reserved.
   Process the file: i2c_master_i2c_master.ngd
   Picdevice="LCMXO2-4000HC"

   Pictype="CSBGA132"

   Picspeed=4

   Remove unused logic

   Do not produce over sized NCDs.

Part used: LCMXO2-4000HCCSBGA132, Performance used: 4.

Loading device for application map from file 'xo2c4000.nph' in environment: E:/lscc/diamond/3.8_x64/ispfpga.
Package Status:                     Final          Version 1.44.

Running general design DRC...

Removing unused logic...

Optimizing...




Design Summary:
   Number of registers:     89 out of  4635 (2%)
      PFU registers:           89 out of  4320 (2%)
      PIO registers:            0 out of   315 (0%)
   Number of SLICEs:       155 out of  2160 (7%)
      SLICEs as Logic/ROM:    155 out of  2160 (7%)
      SLICEs as RAM:            0 out of  1620 (0%)
      SLICEs as Carry:         32 out of  2160 (1%)
   Number of LUT4s:        309 out of  4320 (7%)
      Number used as logic LUTs:        245
      Number used as distributed RAM:     0
      Number used as ripple logic:       64
      Number used as shift registers:     0
   Number of PIO sites used: 12 + 4(JTAG) out of 105 (15%)
   Number of block RAMs:  0 out of 10 (0%)
   Number of GSRs:  1 out of 1 (100%)
   EFB used :       No
   JTAG used :      No
   Readback used :  No
   Oscillator used :  No
   Startup used :   No
   POR :            On
   Bandgap :        On
   Number of Power Controller:  0 out of 1 (0%)
   Number of Dynamic Bank Controller (BCINRD):  0 out of 6 (0%)
   Number of Dynamic Bank Controller (BCLVDSO):  0 out of 1 (0%)
   Number of DCCA:  0 out of 8 (0%)
   Number of DCMA:  0 out of 2 (0%)
   Number of PLLs:  0 out of 2 (0%)
   Number of DQSDLLs:  0 out of 2 (0%)
   Number of CLKDIVC:  0 out of 4 (0%)
   Number of ECLKSYNCA:  0 out of 4 (0%)
   Number of ECLKBRIDGECS:  0 out of 2 (0%)
   Notes:-
      1. Total number of LUT4s = (Number of logic LUT4s) + 2*(Number of distributed RAMs) + 2*(Number of ripple logic)
      2. Number of logic LUT4s does not include count of distributed RAM and ripple logic.
   Number of clocks:  2
     Net sys_clk_12m_c: 19 loads, 19 rising, 0 falling (Driver: PIO sys_clk_12m )
     Net clk_div_100k: 41 loads, 41 rising, 0 falling (Driver: clk_div_inst/clk_p_29 )
   Number of Clock Enables:  13
     Net i2c_master_config_inst/i2c_master_logic_inst/clk_div_100k_enable_18: 2 loads, 2 LSLICEs
     Net i2c_master_config_inst/i2c_master_logic_inst/clk_div_100k_enable_25: 2 loads, 2 LSLICEs
     Net i2c_master_config_inst/i2c_master_logic_inst/clk_div_100k_enable_35: 3 loads, 3 LSLICEs
     Net i2c_master_config_inst/i2c_master_logic_inst/clk_div_100k_enable_29: 2 loads, 2 LSLICEs
     Net i2c_master_config_inst/i2c_master_logic_inst/clk_div_100k_enable_7: 2 loads, 2 LSLICEs
     Net i2c_master_config_inst/i2c_master_logic_inst/clk_div_100k_enable_34: 2 loads, 2 LSLICEs
     Net i2c_master_config_inst/i2c_master_logic_inst/clk_div_100k_enable_36: 2 loads, 2 LSLICEs
     Net i2c_master_config_inst/i2c_master_logic_inst/clk_div_100k_enable_22: 2 loads, 2 LSLICEs
     Net i2c_master_config_inst/i2c_master_logic_inst/clk_div_100k_enable_37: 2 loads, 2 LSLICEs
     Net i2c_master_config_inst/i2c_master_logic_inst/clk_div_100k_enable_14: 1 loads, 1 LSLICEs
     Net i2c_master_config_inst/i2c_master_logic_inst/clk_div_100k_enable_24: 2 loads, 2 LSLICEs
     Net i2c_master_config_inst/i2c_master_logic_inst/clk_div_100k_enable_20: 2 loads, 2 LSLICEs
     Net i2c_master_config_inst/i2c_master_logic_inst/clk_div_100k_enable_40: 2 loads, 2 LSLICEs
   Number of LSRs:  22
     Net clk_div_inst/n4591: 17 loads, 17 LSLICEs
     Net i2c_master_config_inst/i2c_master_logic_inst/n6556: 2 loads, 2 LSLICEs
     Net i2c_master_config_inst/i2c_master_logic_inst/n4618: 2 loads, 2 LSLICEs
     Net i2c_master_config_inst/i2c_master_logic_inst/n6171: 3 loads, 3 LSLICEs
     Net i2c_master_config_inst/i2c_master_logic_inst/n7339: 4 loads, 4 LSLICEs
     Net i2c_master_config_inst/i2c_master_logic_inst/n6981: 1 loads, 1 LSLICEs
     Net i2c_master_config_inst/i2c_master_logic_inst/n4632: 2 loads, 2 LSLICEs
     Net i2c_master_config_inst/i2c_master_logic_inst/n7340: 1 loads, 1 LSLICEs
     Net i2c_master_config_inst/i2c_master_logic_inst/n6553: 2 loads, 2 LSLICEs
     Net i2c_master_config_inst/i2c_master_logic_inst/n4612: 2 loads, 2 LSLICEs
     Net i2c_master_config_inst/i2c_master_logic_inst/n7816: 2 loads, 2 LSLICEs
     Net i2c_master_config_inst/i2c_master_logic_inst/n7347: 1 loads, 1 LSLICEs
     Net i2c_master_config_inst/i2c_master_logic_inst/n7811: 1 loads, 1 LSLICEs
     Net i2c_master_config_inst/i2c_master_logic_inst/n4611: 2 loads, 2 LSLICEs
     Net i2c_master_config_inst/i2c_master_logic_inst/n4616: 2 loads, 2 LSLICEs
     Net i2c_master_config_inst/i2c_master_logic_inst/n4610: 2 loads, 2 LSLICEs
     Net i2c_master_config_inst/i2c_master_logic_inst/n4625: 2 loads, 2 LSLICEs
     Net i2c_master_config_inst/i2c_master_logic_inst/n4621: 2 loads, 2 LSLICEs
     Net i2c_master_config_inst/i2c_master_logic_inst/n7411: 1 loads, 1 LSLICEs
     Net i2c_master_config_inst/i2c_master_logic_inst/n7410: 1 loads, 1 LSLICEs
     Net i2c_master_config_inst/i2c_master_logic_inst/n7344: 1 loads, 1 LSLICEs
     Net i2c_master_config_inst/i2c_master_logic_inst/n6998: 1 loads, 1 LSLICEs
   Number of nets driven by tri-state buffers:  0
   Top 10 highest fanout non-clock nets:
     Net i2c_master_config_inst/i2c_master_logic_inst/state_current_0: 35 loads
     Net i2c_master_config_inst/i2c_master_logic_inst/state_current_2: 25 loads
     Net i2c_master_config_inst/i2c_master_logic_inst/n7838: 23 loads
     Net i2c_master_config_inst/i2c_master_logic_inst/state_current_9: 22 loads
     Net i2c_master_config_inst/i2c_master_logic_inst/n7844: 21 loads
     Net i2c_master_config_inst/i2c_master_logic_inst/state_current_1: 18 loads
     Net i2c_master_config_inst/i2c_master_logic_inst/state_current_4: 18 loads
     Net clk_div_inst/n4591: 17 loads
     Net i2c_master_config_inst/i2c_master_logic_inst/state_current_8: 17 loads
     Net i2c_master_config_inst/i2c_master_logic_inst/state_current_7: 16 loads
 

   Number of warnings:  0
   Number of errors:    0



Total CPU Time: 0 secs  
Total REAL Time: 0 secs  
Peak Memory Usage: 51 MB

Dumping design to file i2c_master_i2c_master_map.ncd.

ncd2vdb "i2c_master_i2c_master_map.ncd" ".vdbs/i2c_master_i2c_master_map.vdb"

Loading device for application ncd2vdb from file 'xo2c4000.nph' in environment: E:/lscc/diamond/3.8_x64/ispfpga.

mpartrce -p "i2c_master_i2c_master.p2t" -f "i2c_master_i2c_master.p3t" -tf "i2c_master_i2c_master.pt" "i2c_master_i2c_master_map.ncd" "i2c_master_i2c_master.ncd"

---- MParTrce Tool ----
Removing old design directory at request of -rem command line option to this program.
Running par. Please wait . . .

Lattice Place and Route Report for Design "i2c_master_i2c_master_map.ncd"
Mon Dec 18 08:37:12 2017

PAR: Place And Route Diamond (64-bit) 3.8.0.115.3.
Command Line: par -w -l 5 -i 6 -t 1 -c 0 -e 0 -gui -msgset C:/Users/22822/Desktop/2/source/i2c_master_PCF8591_ADC/promote.xml -exp parUseNBR=1:parCDP=0:parCDR=0:parPathBased=OFF i2c_master_i2c_master_map.ncd i2c_master_i2c_master.dir/5_1.ncd i2c_master_i2c_master.prf
Preference file: i2c_master_i2c_master.prf.
Placement level-cost: 5-1.
Routing Iterations: 6

Loading design for application par from file i2c_master_i2c_master_map.ncd.
Design name: i2c_master
NCD version: 3.3
Vendor:      LATTICE
Device:      LCMXO2-4000HC
Package:     CSBGA132
Performance: 4
Loading device for application par from file 'xo2c4000.nph' in environment: E:/lscc/diamond/3.8_x64/ispfpga.
Package Status:                     Final          Version 1.44.
Performance Hardware Data Status:   Final          Version 34.4.
License checked out.


Ignore Preference Error(s):  True
Device utilization summary:

   PIO (prelim)   12+4(JTAG)/280     6% used
                  12+4(JTAG)/105     15% bonded

   SLICE            155/2160          7% used

   GSR                1/1           100% used


Number of Signals: 392
Number of Connections: 1165

Pin Constraint Summary:
   12 out of 12 pins locked (100% locked).

The following 2 signals are selected to use the primary clock routing resources:
    clk_div_100k (driver: clk_div_inst/SLICE_5, clk load #: 41)
    sys_clk_12m_c (driver: sys_clk_12m, clk load #: 19)

    <postMsg mid="61061008" type="Warning" dynamic="5" navigation="0" arg0="sys_clk_12m_c" arg1="Primary" arg2="sys_clk_12m" arg3="C1" arg4="Primary"  />

The following 1 signal is selected to use the secondary clock routing resources:
    clk_div_inst/n4591 (driver: clk_div_inst/SLICE_85, clk load #: 0, sr load #: 17, ce load #: 0)

Signal rst_n_c is selected as Global Set/Reset.
Starting Placer Phase 0.
...........
Finished Placer Phase 0.  REAL time: 0 secs 

Starting Placer Phase 1.
....................
Placer score = 53938.
Finished Placer Phase 1.  REAL time: 2 secs 

Starting Placer Phase 2.
.
Placer score =  52253
Finished Placer Phase 2.  REAL time: 2 secs 


------------------ Clock Report ------------------

Global Clock Resources:
  CLK_PIN    : 0 out of 8 (0%)
  General PIO: 1 out of 280 (0%)
  PLL        : 0 out of 2 (0%)
  DCM        : 0 out of 2 (0%)
  DCC        : 0 out of 8 (0%)

Quadrants All (TL, TR, BL, BR) - Global Clocks:
  PRIMARY "clk_div_100k" from Q1 on comp "clk_div_inst/SLICE_5" on site "R2C17C", clk load = 41
  PRIMARY "sys_clk_12m_c" from comp "sys_clk_12m" on PIO site "C1 (PL4A)", clk load = 19
  SECONDARY "clk_div_inst/n4591" from F0 on comp "clk_div_inst/SLICE_85" on site "R12C15D", clk load = 0, ce load = 0, sr load = 17

  PRIMARY  : 2 out of 8 (25%)
  SECONDARY: 1 out of 8 (12%)

Edge Clocks:
  No edge clock selected.

--------------- End of Clock Report ---------------


I/O Usage Summary (final):
   12 + 4(JTAG) out of 280 (5.7%) PIO sites used.
   12 + 4(JTAG) out of 105 (15.2%) bonded PIO sites used.
   Number of PIO comps: 12; differential: 0.
   Number of Vref pins used: 0.

I/O Bank Usage Summary:
+----------+---------------+------------+-----------+
| I/O Bank | Usage         | Bank Vccio | Bank Vref |
+----------+---------------+------------+-----------+
| 0        | 2 / 26 (  7%) | 3.3V       | -         |
| 1        | 1 / 26 (  3%) | 3.3V       | -         |
| 2        | 0 / 28 (  0%) | -          | -         |
| 3        | 3 / 7 ( 42%)  | 3.3V       | -         |
| 4        | 4 / 8 ( 50%)  | 3.3V       | -         |
| 5        | 2 / 10 ( 20%) | 3.3V       | -         |
+----------+---------------+------------+-----------+

Total placer CPU time: 2 secs 

Dumping design to file i2c_master_i2c_master.dir/5_1.ncd.


-----------------------------------------------------------------
INFO - par: ASE feature is off due to non timing-driven settings.  
-----------------------------------------------------------------

0 connections routed; 1165 unrouted.
Starting router resource preassignment

Completed router resource preassignment. Real time: 4 secs 

Start NBR router at 08:37:16 12/18/17

*****************************************************************
Info: NBR allows conflicts(one node used by more than one signal)
      in the earlier iterations. In each iteration, it tries to  
      solve the conflicts while keeping the critical connections 
      routed as short as possible. The routing process is said to
      be completed when no conflicts exist and all connections   
      are routed.                                                
Note: NBR uses a different method to calculate timing slacks. The
      worst slack and total negative slack may not be the same as
      that in TRCE report. You should always run TRCE to verify  
      your design.                                               
*****************************************************************

Start NBR special constraint process at 08:37:16 12/18/17

Start NBR section for initial routing at 08:37:16 12/18/17
Level 4, iteration 1
25(0.01%) conflicts; 0(0.00%) untouched conn; 0 (nbr) score; real time: 4 secs 

Info: Initial congestion level at 75% usage is 0
Info: Initial congestion area  at 75% usage is 0 (0.00%)

Start NBR section for normal routing at 08:37:16 12/18/17
Level 4, iteration 1
10(0.00%) conflicts; 0(0.00%) untouched conn; 0 (nbr) score; real time: 4 secs 
Level 4, iteration 2
4(0.00%) conflicts; 0(0.00%) untouched conn; 0 (nbr) score; real time: 4 secs 
Level 4, iteration 3
3(0.00%) conflicts; 0(0.00%) untouched conn; 0 (nbr) score; real time: 4 secs 
Level 4, iteration 4
0(0.00%) conflict; 0(0.00%) untouched conn; 0 (nbr) score; real time: 4 secs 

Start NBR section for re-routing at 08:37:16 12/18/17
Level 4, iteration 1
0(0.00%) conflict; 0(0.00%) untouched conn; 0 (nbr) score; real time: 4 secs 

Start NBR section for post-routing at 08:37:16 12/18/17

End NBR router with 0 unrouted connection

NBR Summary
-----------
  Number of unrouted connections : 0 (0.00%)
  Number of connections with timing violations : 0 (0.00%)
  Estimated worst slack<setup> : <n/a>
  Timing score<setup> : 0
-----------
Notes: The timing info is calculated for SETUP only and all PAR_ADJs are ignored.



Total CPU time 4 secs 
Total REAL time: 4 secs 
Completely routed.
End of route.  1165 routed (100.00%); 0 unrouted.

Hold time timing score: 0, hold timing errors: 0

Timing score: 0 

Dumping design to file i2c_master_i2c_master.dir/5_1.ncd.


PAR_SUMMARY::Run status = completed
PAR_SUMMARY::Number of unrouted conns = 0
PAR_SUMMARY::Worst  slack<setup/<ns>> = <n/a>
PAR_SUMMARY::Timing score<setup/<ns>> = <n/a>
PAR_SUMMARY::Worst  slack<hold /<ns>> = <n/a>
PAR_SUMMARY::Timing score<hold /<ns>> = <n/a>
PAR_SUMMARY::Number of errors = 0

Total CPU  time to completion: 4 secs 
Total REAL time to completion: 5 secs 

par done!

Copyright (c) 1991-1994 by NeoCAD Inc. All rights reserved.
Copyright (c) 1995 AT&T Corp.   All rights reserved.
Copyright (c) 1995-2001 Lucent Technologies Inc.  All rights reserved.
Copyright (c) 2001 Agere Systems   All rights reserved.
Copyright (c) 2002-2016 Lattice Semiconductor Corporation,  All rights reserved.
Exiting par with exit code 0
Exiting mpartrce with exit code 0

bitgen -f "i2c_master_i2c_master.t2b" -w "i2c_master_i2c_master.ncd" -jedec "i2c_master_i2c_master.prf"


BITGEN: Bitstream Generator Diamond (64-bit) 3.8.0.115.3
Copyright (c) 1991-1994 by NeoCAD Inc. All rights reserved.
Copyright (c) 1995 AT&T Corp.   All rights reserved.
Copyright (c) 1995-2001 Lucent Technologies Inc.  All rights reserved.
Copyright (c) 2001 Agere Systems   All rights reserved.
Copyright (c) 2002-2016 Lattice Semiconductor Corporation,  All rights reserved.


Loading design for application Bitgen from file i2c_master_i2c_master.ncd.
Design name: i2c_master
NCD version: 3.3
Vendor:      LATTICE
Device:      LCMXO2-4000HC
Package:     CSBGA132
Performance: 4
Loading device for application Bitgen from file 'xo2c4000.nph' in environment: E:/lscc/diamond/3.8_x64/ispfpga.
Package Status:                     Final          Version 1.44.
Performance Hardware Data Status:   Final          Version 34.4.

Running DRC.
    <postMsg mid="71061150" type="Warning" dynamic="1" navigation="0" arg0="i2c_master_config_inst/i2c_master_logic_inst/SLICE_71"  />
DRC detected 0 errors and 1 warnings.
Reading Preference File from i2c_master_i2c_master.prf.

Preference Summary:
+---------------------------------+---------------------------------+
|  Preference                     |  Current Setting                |
+---------------------------------+---------------------------------+
|                         RamCfg  |                        Reset**  |
+---------------------------------+---------------------------------+
|                     MCCLK_FREQ  |                         2.08**  |
+---------------------------------+---------------------------------+
|                  CONFIG_SECURE  |                          OFF**  |
+---------------------------------+---------------------------------+
|                      JTAG_PORT  |                       ENABLE**  |
+---------------------------------+---------------------------------+
|                       SDM_PORT  |                      DISABLE**  |
+---------------------------------+---------------------------------+
|                 SLAVE_SPI_PORT  |                      DISABLE**  |
+---------------------------------+---------------------------------+
|                MASTER_SPI_PORT  |                      DISABLE**  |
+---------------------------------+---------------------------------+
|                       I2C_PORT  |                      DISABLE**  |
+---------------------------------+---------------------------------+
|        MUX_CONFIGURATION_PORTS  |                      DISABLE**  |
+---------------------------------+---------------------------------+
|                  CONFIGURATION  |                          CFG**  |
+---------------------------------+---------------------------------+
|                COMPRESS_CONFIG  |                           ON**  |
+---------------------------------+---------------------------------+
|                        MY_ASSP  |                          OFF**  |
+---------------------------------+---------------------------------+
|               ONE_TIME_PROGRAM  |                          OFF**  |
+---------------------------------+---------------------------------+
|                 ENABLE_TRANSFR  |                      DISABLE**  |
+---------------------------------+---------------------------------+
|                  SHAREDEBRINIT  |                      DISABLE**  |
+---------------------------------+---------------------------------+
|            BACKGROUND_RECONFIG  |                          OFF**  |
+---------------------------------+---------------------------------+
 *  Default setting.
 ** The specified setting matches the default setting.


Creating bit map...
 
Bitstream Status: Final           Version 1.92.
 
Saving bit stream in "i2c_master_i2c_master.jed".
 
===========
UFM Summary.
===========
UFM Size:        767 Pages (128*767 Bits).
UFM Utilization: General Purpose Flash Memory.
 
Available General Purpose Flash Memory:  767 Pages (Page 0 to Page 766).
Initialized UFM Pages:                     0 Page.
 
