
synthesis -f "i2c_master_i2c_master_lattice.synproj"
synthesis:  version Diamond (64-bit) 3.8.0.115.3

Copyright (c) 1991-1994 by NeoCAD Inc. All rights reserved.
Copyright (c) 1995 AT&T Corp.   All rights reserved.
Copyright (c) 1995-2001 Lucent Technologies Inc.  All rights reserved.
Copyright (c) 2001 Agere Systems   All rights reserved.
Copyright (c) 2002-2016 Lattice Semiconductor Corporation,  All rights reserved.
Fri Dec 15 20:40:39 2017


Command Line:  synthesis -f i2c_master_i2c_master_lattice.synproj -gui -msgset C:/Users/22822/Desktop/2/i2c_master_SHT20/promote.xml 

    <postMsg mid="35002000" type="Info"    dynamic="0" navigation="0"  />
Synthesis options:
The -a option is MachXO2.
The -s option is 4.
The -t option is CSBGA132.
The -d option is LCMXO2-4000HC.
Using package CSBGA132.
Using performance grade 4.
                                                          

##########################################################

### Lattice Family : MachXO2

### Device  : LCMXO2-4000HC

### Package : CSBGA132

### Speed   : 4

##########################################################

                                                          

Optimization goal = Balanced
Top-level module name = i2c_master.
Target frequency = 1.000000 MHz.
Maximum fanout = 1000.
Timing path count = 3
BRAM utilization = 100.000000 %
DSP usage = true
DSP utilization = 100.000000 %
fsm_encoding_style = auto
resolve_mixed_drivers = 0
fix_gated_clocks = 1

Mux style = Auto
Use Carry Chain = true
carry_chain_length = 0
Loop Limit = 1950.
Use IO Insertion = TRUE
Use IO Reg = AUTO

Resource Sharing = TRUE
Propagate Constants = TRUE
Remove Duplicate Registers = TRUE
force_gsr = auto
ROM style = auto
RAM style = auto
The -comp option is FALSE.
The -syn option is FALSE.
-p C:/Users/22822/Desktop/2/i2c_master_SHT20 (searchpath added)
-p E:/lscc/diamond/3.8_x64/ispfpga/xo2c00/data (searchpath added)
-p C:/Users/22822/Desktop/2/i2c_master_SHT20/i2c_master (searchpath added)
-p C:/Users/22822/Desktop/2/i2c_master_SHT20 (searchpath added)
Verilog design file = C:/Users/22822/Desktop/2/i2c_master_SHT20/clk_div.v
Verilog design file = C:/Users/22822/Desktop/2/i2c_master_SHT20/i2c_master.v
Verilog design file = C:/Users/22822/Desktop/2/i2c_master_SHT20/i2c_master_config.v
Verilog design file = C:/Users/22822/Desktop/2/i2c_master_SHT20/i2c_master_logic.v
NGD file = i2c_master_i2c_master.ngd
-sdc option: SDC file input not used.
-lpf option: Output file option is ON.
Hardtimer checking is enabled (default). The -dt option is not used.
The -r option is OFF. [ Remove LOC Properties is OFF. ]
Technology check ok...

Analyzing Verilog file E:/lscc/diamond/3.8_x64/ispfpga/userware/NT/SYNTHESIS_HEADERS/machxo2.v. VERI-1482
Compile design.
Compile Design Begin
Analyzing Verilog file c:/users/22822/desktop/2/i2c_master_sht20/clk_div.v. VERI-1482
Analyzing Verilog file c:/users/22822/desktop/2/i2c_master_sht20/i2c_master.v. VERI-1482
Analyzing Verilog file c:/users/22822/desktop/2/i2c_master_sht20/i2c_master_config.v. VERI-1482
Analyzing Verilog file c:/users/22822/desktop/2/i2c_master_sht20/i2c_master_logic.v. VERI-1482
Analyzing Verilog file E:/lscc/diamond/3.8_x64/ispfpga/userware/NT/SYNTHESIS_HEADERS/machxo2.v. VERI-1482
Top module name (Verilog): i2c_master
    <postMsg mid="35901018" type="Info"    dynamic="2" navigation="2" arg0="c:/users/22822/desktop/2/i2c_master_sht20/i2c_master.v(2): " arg1="i2c_master" arg2="c:/users/22822/desktop/2/i2c_master_sht20/i2c_master.v" arg3="2"  />
    <postMsg mid="35901018" type="Info"    dynamic="2" navigation="2" arg0="c:/users/22822/desktop/2/i2c_master_sht20/clk_div.v(18): " arg1="clk_div" arg2="c:/users/22822/desktop/2/i2c_master_sht20/clk_div.v" arg3="18"  />
    <postMsg mid="35901018" type="Info"    dynamic="2" navigation="2" arg0="c:/users/22822/desktop/2/i2c_master_sht20/i2c_master_config.v(1): " arg1="i2c_master_config" arg2="c:/users/22822/desktop/2/i2c_master_sht20/i2c_master_config.v" arg3="1"  />
    <postMsg mid="35901018" type="Info"    dynamic="2" navigation="2" arg0="c:/users/22822/desktop/2/i2c_master_sht20/i2c_master_logic.v(1): " arg1="i2c_master_logic" arg2="c:/users/22822/desktop/2/i2c_master_sht20/i2c_master_logic.v" arg3="1"  />
Last elaborated design is i2c_master()
Loading NGL library 'E:/lscc/diamond/3.8_x64/ispfpga/xo2c00a/data/xo2alib.ngl'...
Loading NGL library 'E:/lscc/diamond/3.8_x64/ispfpga/xo2c00/data/xo2clib.ngl'...
Loading NGL library 'E:/lscc/diamond/3.8_x64/ispfpga/mg5g00/data/mg5glib.ngl'...
Loading NGL library 'E:/lscc/diamond/3.8_x64/ispfpga/or5g00/data/orc5glib.ngl'...
Loading device for application map from file 'xo2c4000.nph' in environment: E:/lscc/diamond/3.8_x64/ispfpga.
Package Status:                     Final          Version 1.44.
Top-level module name = i2c_master.
    <postMsg mid="35001774" type="Info"    dynamic="2" navigation="0" arg0="\i2c_master_config_inst/i2c_state" arg1="one-hot"  />
State machine has 16 reachable states with original encodings of:

 0000 

 0001 

 0010 

 0011 

 0100 

 0101 

 0110 

 0111 

 1000 

 1001 

 1010 

 1011 

 1100 

 1101 

 1110 

 1111 

original encoding -> new encoding (one-hot encoding)

 0000 -> 0000000000000001

 0001 -> 0000000000000010

 0010 -> 0000000000000100

 0011 -> 0000000000001000

 0100 -> 0000000000010000

 0101 -> 0000000000100000

 0110 -> 0000000001000000

 0111 -> 0000000010000000

 1000 -> 0000000100000000

 1001 -> 0000001000000000

 1010 -> 0000010000000000

 1011 -> 0000100000000000

 1100 -> 0001000000000000

 1101 -> 0010000000000000

 1110 -> 0100000000000000

 1111 -> 1000000000000000




    <postMsg mid="35001747" type="Warning" dynamic="2" navigation="0" arg0="0" arg1="\i2c_master_config_inst/i2c_config"  />
    <postMsg mid="35001747" type="Warning" dynamic="2" navigation="0" arg0="1" arg1="\i2c_master_config_inst/i2c_config"  />
    <postMsg mid="35001747" type="Warning" dynamic="2" navigation="0" arg0="2" arg1="\i2c_master_config_inst/i2c_config"  />
    <postMsg mid="35001747" type="Warning" dynamic="2" navigation="0" arg0="3" arg1="\i2c_master_config_inst/i2c_config"  />
    <postMsg mid="35001747" type="Warning" dynamic="2" navigation="0" arg0="4" arg1="\i2c_master_config_inst/i2c_config"  />
    <postMsg mid="35001747" type="Warning" dynamic="2" navigation="0" arg0="0" arg1="\i2c_master_config_inst/i2c_master_logic_inst/state_current_"  />
    <postMsg mid="35935013" type="Warning" dynamic="2" navigation="2" arg0="c:/users/22822/desktop/2/i2c_master_sht20/i2c_master_config.v(95): " arg1="\i2c_master_config_inst/i2c_dev_addr_i0" arg2="c:/users/22822/desktop/2/i2c_master_sht20/i2c_master_config.v" arg3="95"  />
    <postMsg mid="35935013" type="Warning" dynamic="2" navigation="2" arg0="c:/users/22822/desktop/2/i2c_master_sht20/i2c_master_config.v(70): " arg1="\i2c_master_config_inst/i2c_state_FSM_i4" arg2="c:/users/22822/desktop/2/i2c_master_sht20/i2c_master_config.v" arg3="70"  />
GSR instance connected to net rst_n_c.
    <postMsg mid="35001779" type="Warning" dynamic="1" navigation="0" arg0="\i2c_master_config_inst/i2c_master_logic_inst/sda_ctl_511"  />
Duplicate register/latch removal. \i2c_master_config_inst/i2c_reg_data_i0 is a one-to-one match with \i2c_master_config_inst/i2c_reg_data_i7.
Duplicate register/latch removal. \i2c_master_config_inst/i2c_reg_data_i6 is a one-to-one match with \i2c_master_config_inst/i2c_reg_data_i0.
Duplicate register/latch removal. \i2c_master_config_inst/i2c_reg_data_i5 is a one-to-one match with \i2c_master_config_inst/i2c_reg_data_i6.
Duplicate register/latch removal. \i2c_master_config_inst/i2c_reg_data_i4 is a one-to-one match with \i2c_master_config_inst/i2c_reg_data_i5.
Duplicate register/latch removal. \i2c_master_config_inst/i2c_reg_data_i1 is a one-to-one match with \i2c_master_config_inst/i2c_reg_data_i4.
Applying 1.000000 MHz constraint to all clocks

    <postMsg mid="35001611" type="Warning" dynamic="0" navigation="0"  />
Results of NGD DRC are available in i2c_master_drc.log.
Loading NGL library 'E:/lscc/diamond/3.8_x64/ispfpga/xo2c00a/data/xo2alib.ngl'...
Loading NGL library 'E:/lscc/diamond/3.8_x64/ispfpga/xo2c00/data/xo2clib.ngl'...
Loading NGL library 'E:/lscc/diamond/3.8_x64/ispfpga/mg5g00/data/mg5glib.ngl'...
Loading NGL library 'E:/lscc/diamond/3.8_x64/ispfpga/or5g00/data/orc5glib.ngl'...


Running DRC...

DRC complete with no errors or warnings

Design Results:
    686 blocks expanded
completed the first expansion
All blocks are expanded and NGD expansion is successful.
Writing NGD file i2c_master_i2c_master.ngd.

################### Begin Area Report (i2c_master)######################
Number of register bits => 107 of 4635 (2 % )
BB => 1
CCU2D => 32
FD1P3AX => 2
FD1P3AY => 3
FD1P3IX => 47
FD1S3AX => 6
FD1S3AY => 1
FD1S3IX => 48
GSR => 1
IB => 2
L6MUX21 => 2
LUT4 => 510
OB => 1
PFUMX => 27
################### End Area Report ##################

################### Begin BlackBox Report ######################
TSALL => 1
################### End BlackBox Report ##################

################### Begin Clock Report ######################
Clock Nets
Number of Clocks: 3
  Net : clk_div_inst/clk_div_100k, loads : 67
  Net : sys_clk_12m_c, loads : 38
  Net : i2c_master_config_inst/i2c_done_N_108, loads : 3
Clock Enable Nets
Number of Clock Enables: 18
Top 10 highest fanout Clock Enables:
  Net : i2c_master_config_inst/i2c_master_logic_inst/clk_div_100k_enable_48, loads : 28
  Net : i2c_master_config_inst/i2c_master_logic_inst/clk_div_100k_enable_38, loads : 4
  Net : i2c_master_config_inst/i2c_master_logic_inst/clk_div_100k_enable_39, loads : 4
  Net : i2c_master_config_inst/i2c_master_logic_inst/clk_div_100k_enable_32, loads : 4
  Net : i2c_master_config_inst/i2c_config_7__N_104, loads : 4
  Net : i2c_master_config_inst/i2c_master_logic_inst/clk_div_100k_enable_34, loads : 4
  Net : i2c_master_config_inst/i2c_master_logic_inst/clk_div_100k_enable_33, loads : 4
  Net : i2c_master_config_inst/i2c_master_logic_inst/clk_div_100k_enable_23, loads : 4
  Net : i2c_master_config_inst/i2c_master_logic_inst/clk_div_100k_enable_22, loads : 4
  Net : i2c_master_config_inst/i2c_master_logic_inst/clk_div_100k_enable_36, loads : 3
Highest fanout non-clock nets
Top 10 highest fanout non-clock nets:
  Net : i2c_master_config_inst/i2c_master_logic_inst/state_current_0, loads : 67
  Net : i2c_master_config_inst/i2c_master_logic_inst/state_current_4, loads : 40
  Net : i2c_master_config_inst/i2c_master_logic_inst/state_current_2, loads : 37
  Net : i2c_master_config_inst/i2c_master_logic_inst/state_current_5, loads : 33
  Net : clk_div_inst/n4927, loads : 32
  Net : i2c_master_config_inst/i2c_master_logic_inst/state_current_8, loads : 32
  Net : i2c_master_config_inst/i2c_master_logic_inst/state_current_7, loads : 30
  Net : i2c_master_config_inst/i2c_master_logic_inst/state_current_13, loads : 29
  Net : i2c_master_config_inst/i2c_master_logic_inst/state_current_9, loads : 29
  Net : i2c_master_config_inst/i2c_master_logic_inst/state_current_1, loads : 28
################### End Clock Report ##################

Timing Report Summary
--------------
--------------------------------------------------------------------------------
Constraint                              |   Constraint|       Actual|Levels
--------------------------------------------------------------------------------
                                        |             |             |
create_clock -period 1000.000000 -name  |             |             |
clk2 [get_nets clk_div_100k]            |    1.000 MHz|   57.624 MHz|    11  
                                        |             |             |
create_clock -period 1000.000000 -name  |             |             |
clk1 [get_nets                          |             |             |
\i2c_master_config_inst/i2c_done_N_108] |    1.000 MHz|  484.027 MHz|     1  
                                        |             |             |
create_clock -period 1000.000000 -name  |             |             |
clk0 [get_nets sys_clk_12m_c]           |    1.000 MHz|   98.164 MHz|     6  
                                        |             |             |
--------------------------------------------------------------------------------


All constraints were met.


Peak Memory Usage: 73.066  MB

--------------------------------------------------------------
Elapsed CPU time for LSE flow : 3.625  secs
--------------------------------------------------------------

map -a "MachXO2" -p LCMXO2-4000HC -t CSBGA132 -s 4 -oc Commercial   "i2c_master_i2c_master.ngd" -o "i2c_master_i2c_master_map.ncd" -pr "i2c_master_i2c_master.prf" -mp "i2c_master_i2c_master.mrp" -lpf "C:/Users/22822/Desktop/2/i2c_master_SHT20/i2c_master/i2c_master_i2c_master.lpf" -lpf "C:/Users/22822/Desktop/2/i2c_master_SHT20/i2c_master.lpf" -c 0            
map:  version Diamond (64-bit) 3.8.0.115.3

Copyright (c) 1991-1994 by NeoCAD Inc. All rights reserved.
Copyright (c) 1995 AT&T Corp.   All rights reserved.
Copyright (c) 1995-2001 Lucent Technologies Inc.  All rights reserved.
Copyright (c) 2001 Agere Systems   All rights reserved.
Copyright (c) 2002-2016 Lattice Semiconductor Corporation,  All rights reserved.
   Process the file: i2c_master_i2c_master.ngd
   Picdevice="LCMXO2-4000HC"

   Pictype="CSBGA132"

   Picspeed=4

   Remove unused logic

   Do not produce over sized NCDs.

Part used: LCMXO2-4000HCCSBGA132, Performance used: 4.

Loading device for application map from file 'xo2c4000.nph' in environment: E:/lscc/diamond/3.8_x64/ispfpga.
Package Status:                     Final          Version 1.44.

Running general design DRC...

Removing unused logic...

Optimizing...




Design Summary:
   Number of registers:    107 out of  4635 (2%)
      PFU registers:          107 out of  4320 (2%)
      PIO registers:            0 out of   315 (0%)
   Number of SLICEs:       287 out of  2160 (13%)
      SLICEs as Logic/ROM:    287 out of  2160 (13%)
      SLICEs as RAM:            0 out of  1620 (0%)
      SLICEs as Carry:         32 out of  2160 (1%)
   Number of LUT4s:        574 out of  4320 (13%)
      Number used as logic LUTs:        510
      Number used as distributed RAM:     0
      Number used as ripple logic:       64
      Number used as shift registers:     0
   Number of PIO sites used: 4 + 4(JTAG) out of 105 (8%)
   Number of block RAMs:  0 out of 10 (0%)
   Number of GSRs:  1 out of 1 (100%)
   EFB used :       No
   JTAG used :      No
   Readback used :  No
   Oscillator used :  No
   Startup used :   No
   POR :            On
   Bandgap :        On
   Number of Power Controller:  0 out of 1 (0%)
   Number of Dynamic Bank Controller (BCINRD):  0 out of 6 (0%)
   Number of Dynamic Bank Controller (BCLVDSO):  0 out of 1 (0%)
   Number of DCCA:  0 out of 8 (0%)
   Number of DCMA:  0 out of 2 (0%)
   Number of PLLs:  0 out of 2 (0%)
   Number of DQSDLLs:  0 out of 2 (0%)
   Number of CLKDIVC:  0 out of 4 (0%)
   Number of ECLKSYNCA:  0 out of 4 (0%)
   Number of ECLKBRIDGECS:  0 out of 2 (0%)
   Notes:-
      1. Total number of LUT4s = (Number of logic LUT4s) + 2*(Number of distributed RAMs) + 2*(Number of ripple logic)
      2. Number of logic LUT4s does not include count of distributed RAM and ripple logic.
   Number of clocks:  3
     Net sys_clk_12m_c: 22 loads, 22 rising, 0 falling (Driver: PIO sys_clk_12m )
     Net clk_div_100k: 45 loads, 45 rising, 0 falling (Driver: clk_div_inst/clk_p_29 )
     Net i2c_master_config_inst/i2c_done_N_108: 2 loads, 2 rising, 0 falling (Driver: i2c_master_config_inst/i8128_2_lut )
   Number of Clock Enables:  18
     Net i2c_master_config_inst/i2c_config_7__N_104: 1 loads, 1 LSLICEs
     Net i2c_master_config_inst/i2c_config_7_N_91_1: 1 loads, 1 LSLICEs
     Net i2c_master_config_inst/i2c_master_logic_inst/clk_div_100k_enable_33: 2 loads, 2 LSLICEs
     Net i2c_master_config_inst/i2c_master_logic_inst/clk_div_100k_enable_48: 2 loads, 2 LSLICEs
     Net i2c_master_config_inst/i2c_master_logic_inst/cnt_start_2__N_419: 2 loads, 2 LSLICEs
     Net i2c_master_config_inst/i2c_master_logic_inst/clk_div_100k_enable_34: 2 loads, 2 LSLICEs
     Net i2c_master_config_inst/i2c_master_logic_inst/clk_div_100k_enable_32: 2 loads, 2 LSLICEs
     Net i2c_master_config_inst/i2c_master_logic_inst/clk_div_100k_enable_41: 2 loads, 2 LSLICEs
     Net i2c_master_config_inst/i2c_master_logic_inst/clk_div_100k_enable_38: 2 loads, 2 LSLICEs
     Net i2c_master_config_inst/i2c_master_logic_inst/clk_div_100k_enable_39: 2 loads, 2 LSLICEs
     Net i2c_master_config_inst/i2c_master_logic_inst/clk_div_100k_enable_36: 2 loads, 2 LSLICEs
     Net i2c_master_config_inst/i2c_master_logic_inst/clk_div_100k_enable_12: 1 loads, 1 LSLICEs
     Net i2c_master_config_inst/i2c_master_logic_inst/clk_div_100k_enable_30: 2 loads, 2 LSLICEs
     Net i2c_master_config_inst/i2c_master_logic_inst/clk_div_100k_enable_22: 2 loads, 2 LSLICEs
     Net i2c_master_config_inst/i2c_master_logic_inst/clk_div_100k_enable_24: 2 loads, 2 LSLICEs
     Net i2c_master_config_inst/i2c_master_logic_inst/clk_div_100k_enable_23: 2 loads, 2 LSLICEs
     Net i2c_master_config_inst/i2c_master_logic_inst/clk_div_100k_enable_47: 2 loads, 2 LSLICEs
     Net i2c_master_config_inst/i2c_master_logic_inst/clk_div_100k_enable_46: 2 loads, 2 LSLICEs
   Number of LSRs:  21
     Net clk_div_inst/n4927: 17 loads, 17 LSLICEs
     Net n10177: 1 loads, 1 LSLICEs
     Net i2c_master_config_inst/i2c_config_7__N_106: 1 loads, 1 LSLICEs
     Net i2c_master_config_inst/i2c_master_logic_inst/n11185: 6 loads, 6 LSLICEs
     Net i2c_master_config_inst/i2c_master_logic_inst/n4916: 2 loads, 2 LSLICEs
     Net i2c_master_config_inst/i2c_master_logic_inst/n4962: 2 loads, 2 LSLICEs
     Net i2c_master_config_inst/i2c_master_logic_inst/n4930: 2 loads, 2 LSLICEs
     Net i2c_master_config_inst/i2c_master_logic_inst/n4949: 2 loads, 2 LSLICEs
     Net i2c_master_config_inst/i2c_master_logic_inst/n4953: 2 loads, 2 LSLICEs
     Net i2c_master_config_inst/i2c_master_logic_inst/n4944: 2 loads, 2 LSLICEs
     Net i2c_master_config_inst/i2c_master_logic_inst/n4936: 2 loads, 2 LSLICEs
     Net i2c_master_config_inst/i2c_master_logic_inst/n4938: 2 loads, 2 LSLICEs
     Net i2c_master_config_inst/i2c_master_logic_inst/n4940: 2 loads, 2 LSLICEs
     Net i2c_master_config_inst/i2c_master_logic_inst/n9541: 1 loads, 1 LSLICEs
     Net i2c_master_config_inst/i2c_master_logic_inst/n4130: 3 loads, 3 LSLICEs
     Net i2c_master_config_inst/i2c_master_logic_inst/n6211: 2 loads, 2 LSLICEs
     Net i2c_master_config_inst/i2c_master_logic_inst/n4960: 2 loads, 2 LSLICEs
     Net i2c_master_config_inst/i2c_master_logic_inst/n4957: 2 loads, 2 LSLICEs
     Net i2c_master_config_inst/i2c_master_logic_inst/n9682: 1 loads, 1 LSLICEs
     Net i2c_master_config_inst/i2c_master_logic_inst/n4934: 2 loads, 2 LSLICEs
     Net i2c_master_config_inst/i2c_master_logic_inst/n4932: 2 loads, 2 LSLICEs
   Number of nets driven by tri-state buffers:  0
   Top 10 highest fanout non-clock nets:
     Net i2c_master_config_inst/i2c_master_logic_inst/state_current_0: 67 loads
     Net i2c_master_config_inst/i2c_master_logic_inst/state_current_4: 40 loads
     Net i2c_master_config_inst/i2c_master_logic_inst/state_current_2: 37 loads
     Net i2c_master_config_inst/i2c_master_logic_inst/state_current_5: 33 loads
     Net i2c_master_config_inst/i2c_master_logic_inst/state_current_8: 32 loads
     Net i2c_master_config_inst/i2c_master_logic_inst/state_current_7: 30 loads
     Net state_current_1: 30 loads
     Net i2c_master_config_inst/i2c_master_logic_inst/state_current_13: 29 loads
     Net i2c_master_config_inst/i2c_master_logic_inst/state_current_9: 29 loads
     Net i2c_master_config_inst/i2c_master_logic_inst/clk_div_100k_enable_48: 27 loads
 

   Number of warnings:  0
   Number of errors:    0



Total CPU Time: 0 secs  
Total REAL Time: 0 secs  
Peak Memory Usage: 52 MB

Dumping design to file i2c_master_i2c_master_map.ncd.

ncd2vdb "i2c_master_i2c_master_map.ncd" ".vdbs/i2c_master_i2c_master_map.vdb"

Loading device for application ncd2vdb from file 'xo2c4000.nph' in environment: E:/lscc/diamond/3.8_x64/ispfpga.

mpartrce -p "i2c_master_i2c_master.p2t" -f "i2c_master_i2c_master.p3t" -tf "i2c_master_i2c_master.pt" "i2c_master_i2c_master_map.ncd" "i2c_master_i2c_master.ncd"

---- MParTrce Tool ----
Removing old design directory at request of -rem command line option to this program.
Running par. Please wait . . .

Lattice Place and Route Report for Design "i2c_master_i2c_master_map.ncd"
Fri Dec 15 20:40:45 2017

PAR: Place And Route Diamond (64-bit) 3.8.0.115.3.
Command Line: par -w -l 5 -i 6 -t 1 -c 0 -e 0 -gui -msgset C:/Users/22822/Desktop/2/i2c_master_SHT20/promote.xml -exp parUseNBR=1:parCDP=0:parCDR=0:parPathBased=OFF i2c_master_i2c_master_map.ncd i2c_master_i2c_master.dir/5_1.ncd i2c_master_i2c_master.prf
Preference file: i2c_master_i2c_master.prf.
Placement level-cost: 5-1.
Routing Iterations: 6

Loading design for application par from file i2c_master_i2c_master_map.ncd.
Design name: i2c_master
NCD version: 3.3
Vendor:      LATTICE
Device:      LCMXO2-4000HC
Package:     CSBGA132
Performance: 4
Loading device for application par from file 'xo2c4000.nph' in environment: E:/lscc/diamond/3.8_x64/ispfpga.
Package Status:                     Final          Version 1.44.
Performance Hardware Data Status:   Final          Version 34.4.
License checked out.


Ignore Preference Error(s):  True
Device utilization summary:

   PIO (prelim)    4+4(JTAG)/280     3% used
                   4+4(JTAG)/105     8% bonded

   SLICE            287/2160         13% used

   GSR                1/1           100% used


Number of Signals: 659
Number of Connections: 2156

Pin Constraint Summary:
   4 out of 4 pins locked (100% locked).

The following 2 signals are selected to use the primary clock routing resources:
    clk_div_100k (driver: clk_div_inst/SLICE_14, clk load #: 45)
    sys_clk_12m_c (driver: sys_clk_12m, clk load #: 22)

    <postMsg mid="61061008" type="Warning" dynamic="5" navigation="0" arg0="sys_clk_12m_c" arg1="Primary" arg2="sys_clk_12m" arg3="C1" arg4="Primary"  />

The following 1 signal is selected to use the secondary clock routing resources:
    clk_div_inst/n4927 (driver: clk_div_inst/SLICE_113, clk load #: 0, sr load #: 17, ce load #: 0)

Signal rst_n_c is selected as Global Set/Reset.
Starting Placer Phase 0.
...........
Finished Placer Phase 0.  REAL time: 0 secs 

Starting Placer Phase 1.
....................
Placer score = 106636.
Finished Placer Phase 1.  REAL time: 3 secs 

Starting Placer Phase 2.
.
Placer score =  106260
Finished Placer Phase 2.  REAL time: 3 secs 


------------------ Clock Report ------------------

Global Clock Resources:
  CLK_PIN    : 0 out of 8 (0%)
  General PIO: 1 out of 280 (0%)
  PLL        : 0 out of 2 (0%)
  DCM        : 0 out of 2 (0%)
  DCC        : 0 out of 8 (0%)

Quadrants All (TL, TR, BL, BR) - Global Clocks:
  PRIMARY "clk_div_100k" from Q1 on comp "clk_div_inst/SLICE_14" on site "R2C17C", clk load = 45
  PRIMARY "sys_clk_12m_c" from comp "sys_clk_12m" on PIO site "C1 (PL4A)", clk load = 22
  SECONDARY "clk_div_inst/n4927" from F0 on comp "clk_div_inst/SLICE_113" on site "R12C15D", clk load = 0, ce load = 0, sr load = 17

  PRIMARY  : 2 out of 8 (25%)
  SECONDARY: 1 out of 8 (12%)

Edge Clocks:
  No edge clock selected.

--------------- End of Clock Report ---------------


I/O Usage Summary (final):
   4 + 4(JTAG) out of 280 (2.9%) PIO sites used.
   4 + 4(JTAG) out of 105 (7.6%) bonded PIO sites used.
   Number of PIO comps: 4; differential: 0.
   Number of Vref pins used: 0.

I/O Bank Usage Summary:
+----------+---------------+------------+-----------+
| I/O Bank | Usage         | Bank Vccio | Bank Vref |
+----------+---------------+------------+-----------+
| 0        | 2 / 26 (  7%) | 3.3V       | -         |
| 1        | 1 / 26 (  3%) | 3.3V       | -         |
| 2        | 0 / 28 (  0%) | -          | -         |
| 3        | 0 / 7 (  0%)  | -          | -         |
| 4        | 0 / 8 (  0%)  | -          | -         |
| 5        | 1 / 10 ( 10%) | 3.3V       | -         |
+----------+---------------+------------+-----------+

Total placer CPU time: 2 secs 

Dumping design to file i2c_master_i2c_master.dir/5_1.ncd.


-----------------------------------------------------------------
INFO - par: ASE feature is off due to non timing-driven settings.  
-----------------------------------------------------------------

0 connections routed; 2156 unrouted.
Starting router resource preassignment

    <postMsg mid="66011008" type="Warning" dynamic="1" navigation="0" arg0="&#xA;   Signal=i2c_master_config_inst/i2c_done_N_108 loads=2 clock_loads=2"  />

Completed router resource preassignment. Real time: 4 secs 

Start NBR router at 20:40:49 12/15/17

*****************************************************************
Info: NBR allows conflicts(one node used by more than one signal)
      in the earlier iterations. In each iteration, it tries to  
      solve the conflicts while keeping the critical connections 
      routed as short as possible. The routing process is said to
      be completed when no conflicts exist and all connections   
      are routed.                                                
Note: NBR uses a different method to calculate timing slacks. The
      worst slack and total negative slack may not be the same as
      that in TRCE report. You should always run TRCE to verify  
      your design.                                               
*****************************************************************

Start NBR special constraint process at 20:40:49 12/15/17

Start NBR section for initial routing at 20:40:49 12/15/17
Level 4, iteration 1
56(0.02%) conflicts; 0(0.00%) untouched conn; 0 (nbr) score; real time: 5 secs 

Info: Initial congestion level at 75% usage is 0
Info: Initial congestion area  at 75% usage is 0 (0.00%)

Start NBR section for normal routing at 20:40:50 12/15/17
Level 4, iteration 1
19(0.01%) conflicts; 0(0.00%) untouched conn; 0 (nbr) score; real time: 5 secs 
Level 4, iteration 2
6(0.00%) conflicts; 0(0.00%) untouched conn; 0 (nbr) score; real time: 5 secs 
Level 4, iteration 3
1(0.00%) conflict; 0(0.00%) untouched conn; 0 (nbr) score; real time: 5 secs 
Level 4, iteration 4
1(0.00%) conflict; 0(0.00%) untouched conn; 0 (nbr) score; real time: 5 secs 
Level 4, iteration 5
1(0.00%) conflict; 0(0.00%) untouched conn; 0 (nbr) score; real time: 5 secs 
Level 4, iteration 6
1(0.00%) conflict; 0(0.00%) untouched conn; 0 (nbr) score; real time: 5 secs 
Level 4, iteration 7
0(0.00%) conflict; 0(0.00%) untouched conn; 0 (nbr) score; real time: 5 secs 

Start NBR section for re-routing at 20:40:50 12/15/17
Level 4, iteration 1
0(0.00%) conflict; 0(0.00%) untouched conn; 0 (nbr) score; real time: 5 secs 

Start NBR section for post-routing at 20:40:50 12/15/17

End NBR router with 0 unrouted connection

NBR Summary
-----------
  Number of unrouted connections : 0 (0.00%)
  Number of connections with timing violations : 0 (0.00%)
  Estimated worst slack<setup> : <n/a>
  Timing score<setup> : 0
-----------
Notes: The timing info is calculated for SETUP only and all PAR_ADJs are ignored.



    <postMsg mid="66011008" type="Warning" dynamic="1" navigation="0" arg0="&#xA;   Signal=i2c_master_config_inst/i2c_done_N_108 loads=2 clock_loads=2"  />

Total CPU time 4 secs 
Total REAL time: 5 secs 
Completely routed.
End of route.  2156 routed (100.00%); 0 unrouted.

Hold time timing score: 0, hold timing errors: 0

Timing score: 0 

Dumping design to file i2c_master_i2c_master.dir/5_1.ncd.


PAR_SUMMARY::Run status = completed
PAR_SUMMARY::Number of unrouted conns = 0
PAR_SUMMARY::Worst  slack<setup/<ns>> = <n/a>
PAR_SUMMARY::Timing score<setup/<ns>> = <n/a>
PAR_SUMMARY::Worst  slack<hold /<ns>> = <n/a>
PAR_SUMMARY::Timing score<hold /<ns>> = <n/a>
PAR_SUMMARY::Number of errors = 0

Total CPU  time to completion: 4 secs 
Total REAL time to completion: 6 secs 

par done!

Copyright (c) 1991-1994 by NeoCAD Inc. All rights reserved.
Copyright (c) 1995 AT&T Corp.   All rights reserved.
Copyright (c) 1995-2001 Lucent Technologies Inc.  All rights reserved.
Copyright (c) 2001 Agere Systems   All rights reserved.
Copyright (c) 2002-2016 Lattice Semiconductor Corporation,  All rights reserved.
Exiting par with exit code 0
Exiting mpartrce with exit code 0

bitgen -f "i2c_master_i2c_master.t2b" -w "i2c_master_i2c_master.ncd" -jedec "i2c_master_i2c_master.prf"


BITGEN: Bitstream Generator Diamond (64-bit) 3.8.0.115.3
Copyright (c) 1991-1994 by NeoCAD Inc. All rights reserved.
Copyright (c) 1995 AT&T Corp.   All rights reserved.
Copyright (c) 1995-2001 Lucent Technologies Inc.  All rights reserved.
Copyright (c) 2001 Agere Systems   All rights reserved.
Copyright (c) 2002-2016 Lattice Semiconductor Corporation,  All rights reserved.


Loading design for application Bitgen from file i2c_master_i2c_master.ncd.
Design name: i2c_master
NCD version: 3.3
Vendor:      LATTICE
Device:      LCMXO2-4000HC
Package:     CSBGA132
Performance: 4
Loading device for application Bitgen from file 'xo2c4000.nph' in environment: E:/lscc/diamond/3.8_x64/ispfpga.
Package Status:                     Final          Version 1.44.
Performance Hardware Data Status:   Final          Version 34.4.

Running DRC.
DRC detected 0 errors and 0 warnings.
Reading Preference File from i2c_master_i2c_master.prf.

Preference Summary:
+---------------------------------+---------------------------------+
|  Preference                     |  Current Setting                |
+---------------------------------+---------------------------------+
|                         RamCfg  |                        Reset**  |
+---------------------------------+---------------------------------+
|                     MCCLK_FREQ  |                         2.08**  |
+---------------------------------+---------------------------------+
|                  CONFIG_SECURE  |                          OFF**  |
+---------------------------------+---------------------------------+
|                      JTAG_PORT  |                       ENABLE**  |
+---------------------------------+---------------------------------+
|                       SDM_PORT  |                      DISABLE**  |
+---------------------------------+---------------------------------+
|                 SLAVE_SPI_PORT  |                      DISABLE**  |
+---------------------------------+---------------------------------+
|                MASTER_SPI_PORT  |                      DISABLE**  |
+---------------------------------+---------------------------------+
|                       I2C_PORT  |                      DISABLE**  |
+---------------------------------+---------------------------------+
|        MUX_CONFIGURATION_PORTS  |                      DISABLE**  |
+---------------------------------+---------------------------------+
|                  CONFIGURATION  |                          CFG**  |
+---------------------------------+---------------------------------+
|                COMPRESS_CONFIG  |                           ON**  |
+---------------------------------+---------------------------------+
|                        MY_ASSP  |                          OFF**  |
+---------------------------------+---------------------------------+
|               ONE_TIME_PROGRAM  |                          OFF**  |
+---------------------------------+---------------------------------+
|                 ENABLE_TRANSFR  |                      DISABLE**  |
+---------------------------------+---------------------------------+
|                  SHAREDEBRINIT  |                      DISABLE**  |
+---------------------------------+---------------------------------+
|            BACKGROUND_RECONFIG  |                          OFF**  |
+---------------------------------+---------------------------------+
 *  Default setting.
 ** The specified setting matches the default setting.


Creating bit map...
 
Bitstream Status: Final           Version 1.92.
 
Saving bit stream in "i2c_master_i2c_master.jed".
 
===========
UFM Summary.
===========
UFM Size:        767 Pages (128*767 Bits).
UFM Utilization: General Purpose Flash Memory.
 
Available General Purpose Flash Memory:  767 Pages (Page 0 to Page 766).
Initialized UFM Pages:                     0 Page.
 
